app/build/intermediates/manifest_merge_blame_file/debug/manifest-merger-blame-debug-report.txt
1<?xml version="1.0" encoding="utf-8"?>
2<manifest xmlns:android="http://schemas.android.com/apk/res/android"
3    package="com.caretech.careconnect"
4    android:versionCode="1"
5    android:versionName="1.0" >
6
7    <uses-sdk
8        android:minSdkVersion="28"
8-->src\main\AndroidManifest.xml
9        android:targetSdkVersion="34" />
9-->src\main\AndroidManifest.xml
10
11    <uses-permission android:name="android.permission.INTERNET" />
11-->src\main\AndroidManifest.xml:4:5-67
11-->src\main\AndroidManifest.xml:4:22-64
12
13    <permission
13-->[androidx.core:core:1.13.0] AndroidManifest.xml:22:5-24:47
14        android:name="com.caretech.careconnect.DYNAMIC_RECEIVER_NOT_EXPORTED_PERMISSION"
14-->[androidx.core:core:1.13.0] AndroidManifest.xml:23:9-81
15        android:protectionLevel="signature" />
15-->[androidx.core:core:1.13.0] AndroidManifest.xml:24:9-44
16
17    <uses-permission android:name="com.caretech.careconnect.DYNAMIC_RECEIVER_NOT_EXPORTED_PERMISSION" />
17-->[androidx.core:core:1.13.0] AndroidManifest.xml:26:5-97
17-->[androidx.core:core:1.13.0] AndroidManifest.xml:26:22-94
18
19    <application
19-->src\main\AndroidManifest.xml:5:5-63:19
20        android:allowBackup="true"
20-->src\main\AndroidManifest.xml:6:9-35
21        android:appComponentFactory="androidx.core.app.CoreComponentFactory"
21-->[androidx.core:core:1.13.0] AndroidManifest.xml:28:18-86
22        android:dataExtractionRules="@xml/data_extraction_rules"
22-->src\main\AndroidManifest.xml:7:9-65
23        android:debuggable="true"
24        android:extractNativeLibs="false"
25        android:fullBackupContent="@xml/backup_rules"
25-->src\main\AndroidManifest.xml:8:9-54
26        android:icon="@mipmap/ic_launcher"
26-->src\main\AndroidManifest.xml:9:9-43
27        android:label="@string/app_name"
27-->src\main\AndroidManifest.xml:10:9-41
28        android:roundIcon="@mipmap/ic_launcher_round"
28-->src\main\AndroidManifest.xml:11:9-54
29        android:supportsRtl="true"
29-->src\main\AndroidManifest.xml:12:9-35
30        android:testOnly="true"
31        android:theme="@style/Theme.Careconnect" >
31-->src\main\AndroidManifest.xml:13:9-49
32        <activity
32-->src\main\AndroidManifest.xml:15:9-17:40
33            android:name="com.caretech.careconnect.PagoRealizadoActivity"
33-->src\main\AndroidManifest.xml:16:13-50
34            android:exported="false" />
34-->src\main\AndroidManifest.xml:17:13-37
35        <activity
35-->src\main\AndroidManifest.xml:18:9-20:40
36            android:name="com.caretech.careconnect.SeleccionarFechaActivity"
36-->src\main\AndroidManifest.xml:19:13-53
37            android:exported="false" />
37-->src\main\AndroidManifest.xml:20:13-37
38        <activity
38-->src\main\AndroidManifest.xml:21:9-23:40
39            android:name="com.caretech.careconnect.PagoCitaActivity"
39-->src\main\AndroidManifest.xml:22:13-45
40            android:exported="false" />
40-->src\main\AndroidManifest.xml:23:13-37
41        <activity
41-->src\main\AndroidManifest.xml:24:9-26:40
42            android:name="com.caretech.careconnect.CitaMenuActivity"
42-->src\main\AndroidManifest.xml:25:13-45
43            android:exported="false" />
43-->src\main\AndroidManifest.xml:26:13-37
44        <activity
44-->src\main\AndroidManifest.xml:27:9-29:40
45            android:name="com.caretech.careconnect.HistorialMedicoResumenActivity"
45-->src\main\AndroidManifest.xml:28:13-59
46            android:exported="false" />
46-->src\main\AndroidManifest.xml:29:13-37
47        <activity
47-->src\main\AndroidManifest.xml:30:9-32:40
48            android:name="com.caretech.careconnect.PatientEditPersonalInformationActivity"
48-->src\main\AndroidManifest.xml:31:13-67
49            android:exported="false" />
49-->src\main\AndroidManifest.xml:32:13-37
50        <activity
50-->src\main\AndroidManifest.xml:33:9-35:40
51            android:name="com.caretech.careconnect.PatientViewProfileActivity"
51-->src\main\AndroidManifest.xml:34:13-55
52            android:exported="false" />
52-->src\main\AndroidManifest.xml:35:13-37
53        <activity
53-->src\main\AndroidManifest.xml:36:9-38:40
54            android:name="com.caretech.careconnect.PatientMenuActivity"
54-->src\main\AndroidManifest.xml:37:13-48
55            android:exported="false" />
55-->src\main\AndroidManifest.xml:38:13-37
56        <activity
56-->src\main\AndroidManifest.xml:39:9-41:40
57            android:name="com.caretech.careconnect.IngresarDatosLogin"
57-->src\main\AndroidManifest.xml:40:13-47
58            android:exported="false" />
58-->src\main\AndroidManifest.xml:41:13-37
59        <activity
59-->src\main\AndroidManifest.xml:42:9-44:40
60            android:name="com.caretech.careconnect.RolCuentaActivity"
60-->src\main\AndroidManifest.xml:43:13-46
61            android:exported="false" />
61-->src\main\AndroidManifest.xml:44:13-37
62        <activity
62-->src\main\AndroidManifest.xml:45:9-47:40
63            android:name="com.caretech.careconnect.RolInteractivityRegister"
63-->src\main\AndroidManifest.xml:46:13-53
64            android:exported="false" />
64-->src\main\AndroidManifest.xml:47:13-37
65        <activity
65-->src\main\AndroidManifest.xml:48:9-50:40
66            android:name="com.caretech.careconnect.IngresarDatosRegistro"
66-->src\main\AndroidManifest.xml:49:13-50
67            android:exported="false" />
67-->src\main\AndroidManifest.xml:50:13-37
68        <activity
68-->src\main\AndroidManifest.xml:51:9-53:40
69            android:name="com.caretech.careconnect.HistorialMedicoActivity"
69-->src\main\AndroidManifest.xml:52:13-52
70            android:exported="false" />
70-->src\main\AndroidManifest.xml:53:13-37
71        <activity
71-->src\main\AndroidManifest.xml:54:9-62:20
72            android:name="com.caretech.careconnect.MainActivity"
72-->src\main\AndroidManifest.xml:55:13-41
73            android:exported="true" >
73-->src\main\AndroidManifest.xml:56:13-36
74            <intent-filter>
74-->src\main\AndroidManifest.xml:57:13-61:29
75                <action android:name="android.intent.action.MAIN" />
75-->src\main\AndroidManifest.xml:58:17-69
75-->src\main\AndroidManifest.xml:58:25-66
76
77                <category android:name="android.intent.category.LAUNCHER" />
77-->src\main\AndroidManifest.xml:60:17-77
77-->src\main\AndroidManifest.xml:60:27-74
78            </intent-filter>
79        </activity>
80
81        <provider
81-->[androidx.emoji2:emoji2:1.2.0] AndroidManifest.xml:24:9-32:20
82            android:name="androidx.startup.InitializationProvider"
82-->[androidx.emoji2:emoji2:1.2.0] AndroidManifest.xml:25:13-67
83            android:authorities="com.caretech.careconnect.androidx-startup"
83-->[androidx.emoji2:emoji2:1.2.0] AndroidManifest.xml:26:13-68
84            android:exported="false" >
84-->[androidx.emoji2:emoji2:1.2.0] AndroidManifest.xml:27:13-37
85            <meta-data
85-->[androidx.emoji2:emoji2:1.2.0] AndroidManifest.xml:29:13-31:52
86                android:name="androidx.emoji2.text.EmojiCompatInitializer"
86-->[androidx.emoji2:emoji2:1.2.0] AndroidManifest.xml:30:17-75
87                android:value="androidx.startup" />
87-->[androidx.emoji2:emoji2:1.2.0] AndroidManifest.xml:31:17-49
88            <meta-data
88-->[androidx.lifecycle:lifecycle-process:2.6.2] AndroidManifest.xml:29:13-31:52
89                android:name="androidx.lifecycle.ProcessLifecycleInitializer"
89-->[androidx.lifecycle:lifecycle-process:2.6.2] AndroidManifest.xml:30:17-78
90                android:value="androidx.startup" />
90-->[androidx.lifecycle:lifecycle-process:2.6.2] AndroidManifest.xml:31:17-49
91            <meta-data
91-->[androidx.profileinstaller:profileinstaller:1.3.0] AndroidManifest.xml:29:13-31:52
92                android:name="androidx.profileinstaller.ProfileInstallerInitializer"
92-->[androidx.profileinstaller:profileinstaller:1.3.0] AndroidManifest.xml:30:17-85
93                android:value="androidx.startup" />
93-->[androidx.profileinstaller:profileinstaller:1.3.0] AndroidManifest.xml:31:17-49
94        </provider>
95
96        <receiver
96-->[androidx.profileinstaller:profileinstaller:1.3.0] AndroidManifest.xml:34:9-52:20
97            android:name="androidx.profileinstaller.ProfileInstallReceiver"
97-->[androidx.profileinstaller:profileinstaller:1.3.0] AndroidManifest.xml:35:13-76
98            android:directBootAware="false"
98-->[androidx.profileinstaller:profileinstaller:1.3.0] AndroidManifest.xml:36:13-44
99            android:enabled="true"
99-->[androidx.profileinstaller:profileinstaller:1.3.0] AndroidManifest.xml:37:13-35
100            android:exported="true"
100-->[androidx.profileinstaller:profileinstaller:1.3.0] AndroidManifest.xml:38:13-36
101            android:permission="android.permission.DUMP" >
101-->[androidx.profileinstaller:profileinstaller:1.3.0] AndroidManifest.xml:39:13-57
102            <intent-filter>
102-->[androidx.profileinstaller:profileinstaller:1.3.0] AndroidManifest.xml:40:13-42:29
103                <action android:name="androidx.profileinstaller.action.INSTALL_PROFILE" />
103-->[androidx.profileinstaller:profileinstaller:1.3.0] AndroidManifest.xml:41:17-91
103-->[androidx.profileinstaller:profileinstaller:1.3.0] AndroidManifest.xml:41:25-88
104            </intent-filter>
105            <intent-filter>
105-->[androidx.profileinstaller:profileinstaller:1.3.0] AndroidManifest.xml:43:13-45:29
106                <action android:name="androidx.profileinstaller.action.SKIP_FILE" />
106-->[androidx.profileinstaller:profileinstaller:1.3.0] AndroidManifest.xml:44:17-85
106-->[androidx.profileinstaller:profileinstaller:1.3.0] AndroidManifest.xml:44:25-82
107            </intent-filter>
108            <intent-filter>
108-->[androidx.profileinstaller:profileinstaller:1.3.0] AndroidManifest.xml:46:13-48:29
109                <action android:name="androidx.profileinstaller.action.SAVE_PROFILE" />
109-->[androidx.profileinstaller:profileinstaller:1.3.0] AndroidManifest.xml:47:17-88
109-->[androidx.profileinstaller:profileinstaller:1.3.0] AndroidManifest.xml:47:25-85
110            </intent-filter>
111            <intent-filter>
111-->[androidx.profileinstaller:profileinstaller:1.3.0] AndroidManifest.xml:49:13-51:29
112                <action android:name="androidx.profileinstaller.action.BENCHMARK_OPERATION" />
112-->[androidx.profileinstaller:profileinstaller:1.3.0] AndroidManifest.xml:50:17-95
112-->[androidx.profileinstaller:profileinstaller:1.3.0] AndroidManifest.xml:50:25-92
113            </intent-filter>
114        </receiver>
115    </application>
116
117</manifest>